<?xml version="1.0" encoding="UTF-8"?>
<TestRun id="27288b30-74e9-4b1f-b0df-4e3bdaa75a00" name="alexisr@ALEXISR-WPFDEV 2009-11-20 16:56:57" runUser="REDMOND\alexisr" xmlns="http://microsoft.com/schemas/VisualStudio/TeamTest/2006">
  <TestRunConfiguration name="Default Run Configuration" id="4e105f41-4061-4003-8918-8d9377989fad">
    <Deployment runDeploymentRoot="C:\dd\WPF_1\binaries\x86chk\wpf\Test\TestApi\Samples\MSTest\TestResults\alexisr_ALEXISR-WPFDEV 2009-11-20 16_56_57">
      <DeploymentItem filename="C:\dd\WPF_1\binaries\x86chk\wpf\Test\TestApi\Samples\SampleApp\bin\Debug\SampleApp.exe" />
      <DeploymentItem filename="C:\dd\WPF_1\binaries\x86chk\wpf\Test\TestApi\Binaries\TestApiCore.dll" />
      <DeploymentItem filename="C:\dd\WPF_1\binaries\x86chk\wpf\Test\TestApi\Binaries\TestApiWpf.dll" />
    </Deployment>
    <Hosts skipUnhostableTests="false" />
    <TestTypeSpecific />
  </TestRunConfiguration>
  <ResultSummary outcome="Failed">
    <Counters total="6" executed="6" passed="5" error="0" failed="1" timeout="0" aborted="0" inconclusive="0" passedButRunAborted="0" notRunnable="0" notExecuted="0" disconnected="0" warning="0" completed="0" inProgress="0" pending="0" />
  </ResultSummary>
  <Times creation="2009-11-20T16:56:57.3496231-08:00" queuing="2009-11-20T16:56:59.5180509-08:00" start="2009-11-20T16:56:59.8144547-08:00" finish="2009-11-20T16:57:25.0598508-08:00" />
  <TestDefinitions>
    <UnitTest name="FaultAppendText" storage="c:\dd\wpf_1\binaries\x86chk\wpf\test\testapi\samples\mstest\tests\bin\debug\tests.dll" id="75ab352d-fc58-6855-4d93-baf42240b57e">
      <Css projectStructure="" iteration="" />
      <Owners>
        <Owner name="" />
      </Owners>
      <DeploymentItems>
        <DeploymentItem filename="FaultInjectionEngine\x86\FaultInjectionEngine.dll" outputDirectory="FaultInjectionEngine\x86" />
        <DeploymentItem filename="FaultInjectionEngine\x64\FaultInjectionEngine.pdb" outputDirectory="FaultInjectionEngine\x64" />
        <DeploymentItem filename="FaultInjectionEngine\x86\FaultInjectionEngine.pdb" outputDirectory="FaultInjectionEngine\x86" />
        <DeploymentItem filename="FaultInjectionEngine\x64\FaultInjectionEngine.dll" outputDirectory="FaultInjectionEngine\x64" />
      </DeploymentItems>
      <Execution id="3bc3780c-ec0c-4538-a684-dc74b9e14fdf" />
      <TestMethod codeBase="C:\dd\WPF_1\binaries\x86chk\wpf\Test\TestApi\Samples\MSTest\Tests\bin\Debug\Tests.dll" adapterTypeName="Microsoft.VisualStudio.TestTools.TestTypes.Unit.UnitTestAdapter, Microsoft.VisualStudio.QualityTools.Tips.UnitTest.Adapter, Version=9.0.0.0, Culture=neutral, PublicKeyToken=b03f5f7f11d50a3a" className="Tests.FaultInjectionTests, Tests" name="FaultAppendText" />
    </UnitTest>
    <UnitTest name="VerifyWindowAppearance" storage="c:\dd\wpf_1\binaries\x86chk\wpf\test\testapi\samples\mstest\tests\bin\debug\tests.dll" id="70884c20-5e5b-dcd8-2ad1-9a939d156749">
      <Css projectStructure="" iteration="" />
      <Owners>
        <Owner name="" />
      </Owners>
      <DeploymentItems>
        <DeploymentItem filename="ToleranceMap.png" />
        <DeploymentItem filename="Master.png" />
      </DeploymentItems>
      <Execution id="83731dfb-9f42-49f5-8239-6f1f36b63448" />
      <TestMethod codeBase="C:\dd\WPF_1\binaries\x86chk\wpf\Test\TestApi\Samples\MSTest\Tests\bin\Debug\Tests.dll" adapterTypeName="Microsoft.VisualStudio.TestTools.TestTypes.Unit.UnitTestAdapter, Microsoft.VisualStudio.QualityTools.Tips.UnitTest.Adapter, Version=9.0.0.0, Culture=neutral, PublicKeyToken=b03f5f7f11d50a3a" className="VisualVerificationTests, Tests" name="VerifyWindowAppearance" />
    </UnitTest>
    <UnitTest name="SampleWithExpectedResultsTest" storage="c:\dd\wpf_1\binaries\x86chk\wpf\test\testapi\samples\mstest\tests\bin\debug\tests.dll" id="2e5bb3d8-be5c-9144-6791-718d76c89a50">
      <Css projectStructure="" iteration="" />
      <Owners>
        <Owner name="" />
      </Owners>
      <Execution id="c49a4341-4da0-4e46-96eb-163f3d22387e" />
      <TestMethod codeBase="C:\dd\WPF_1\binaries\x86chk\wpf\Test\TestApi\Samples\MSTest\Tests\bin\Debug\Tests.dll" adapterTypeName="Microsoft.VisualStudio.TestTools.TestTypes.Unit.UnitTestAdapter, Microsoft.VisualStudio.QualityTools.Tips.UnitTest.Adapter, Version=9.0.0.0, Culture=neutral, PublicKeyToken=b03f5f7f11d50a3a" className="Tests.VariationGenerationTests, Tests" name="SampleWithExpectedResultsTest" />
    </UnitTest>
    <UnitTest name="CompareObjects" storage="c:\dd\wpf_1\binaries\x86chk\wpf\test\testapi\samples\mstest\tests\bin\debug\tests.dll" id="087f2f08-2d1e-f5a7-8a08-16ec74e6f49e">
      <Css projectStructure="" iteration="" />
      <Owners>
        <Owner name="" />
      </Owners>
      <Execution id="5ad9630a-31c0-401f-8ad1-1b1a6c8434c5" />
      <TestMethod codeBase="C:\dd\WPF_1\binaries\x86chk\wpf\Test\TestApi\Samples\MSTest\Tests\bin\Debug\Tests.dll" adapterTypeName="Microsoft.VisualStudio.TestTools.TestTypes.Unit.UnitTestAdapter, Microsoft.VisualStudio.QualityTools.Tips.UnitTest.Adapter, Version=9.0.0.0, Culture=neutral, PublicKeyToken=b03f5f7f11d50a3a" className="Tests.ObjectComparisonTests, Tests" name="CompareObjects" />
    </UnitTest>
    <UnitTest name="VerifyInput" storage="c:\dd\wpf_1\binaries\x86chk\wpf\test\testapi\samples\mstest\tests\bin\debug\tests.dll" id="de00bf0d-d40e-00e8-4c38-127bf9612889">
      <Css projectStructure="" iteration="" />
      <Owners>
        <Owner name="" />
      </Owners>
      <Execution id="384a6ca1-6c45-460d-bc78-86006eab15c4" />
      <TestMethod codeBase="C:\dd\WPF_1\binaries\x86chk\wpf\Test\TestApi\Samples\MSTest\Tests\bin\Debug\Tests.dll" adapterTypeName="Microsoft.VisualStudio.TestTools.TestTypes.Unit.UnitTestAdapter, Microsoft.VisualStudio.QualityTools.Tips.UnitTest.Adapter, Version=9.0.0.0, Culture=neutral, PublicKeyToken=b03f5f7f11d50a3a" className="UIAutomationTests, Tests" name="VerifyInput" />
    </UnitTest>
    <UnitTest name="SampleTest" storage="c:\dd\wpf_1\binaries\x86chk\wpf\test\testapi\samples\mstest\tests\bin\debug\tests.dll" id="6530dd78-05e6-ebf3-afc9-dff1a0167c48">
      <Css projectStructure="" iteration="" />
      <Owners>
        <Owner name="" />
      </Owners>
      <Execution id="a44a65d9-1a02-4489-9365-c4a79e18c0f3" />
      <TestMethod codeBase="C:\dd\WPF_1\binaries\x86chk\wpf\Test\TestApi\Samples\MSTest\Tests\bin\Debug\Tests.dll" adapterTypeName="Microsoft.VisualStudio.TestTools.TestTypes.Unit.UnitTestAdapter, Microsoft.VisualStudio.QualityTools.Tips.UnitTest.Adapter, Version=9.0.0.0, Culture=neutral, PublicKeyToken=b03f5f7f11d50a3a" className="Tests.VariationGenerationTests, Tests" name="SampleTest" />
    </UnitTest>
  </TestDefinitions>
  <TestLists>
    <TestList name="Results Not in a List" id="8c84fa94-04c1-424b-9868-57a2d4851a1d" />
    <TestList name="All Loaded Results" id="19431567-8539-422a-85d7-44ee4e166bda" />
  </TestLists>
  <TestEntries>
    <TestEntry testId="75ab352d-fc58-6855-4d93-baf42240b57e" executionId="3bc3780c-ec0c-4538-a684-dc74b9e14fdf" testListId="8c84fa94-04c1-424b-9868-57a2d4851a1d" />
    <TestEntry testId="087f2f08-2d1e-f5a7-8a08-16ec74e6f49e" executionId="5ad9630a-31c0-401f-8ad1-1b1a6c8434c5" testListId="8c84fa94-04c1-424b-9868-57a2d4851a1d" />
    <TestEntry testId="de00bf0d-d40e-00e8-4c38-127bf9612889" executionId="384a6ca1-6c45-460d-bc78-86006eab15c4" testListId="8c84fa94-04c1-424b-9868-57a2d4851a1d" />
    <TestEntry testId="6530dd78-05e6-ebf3-afc9-dff1a0167c48" executionId="a44a65d9-1a02-4489-9365-c4a79e18c0f3" testListId="8c84fa94-04c1-424b-9868-57a2d4851a1d" />
    <TestEntry testId="2e5bb3d8-be5c-9144-6791-718d76c89a50" executionId="c49a4341-4da0-4e46-96eb-163f3d22387e" testListId="8c84fa94-04c1-424b-9868-57a2d4851a1d" />
    <TestEntry testId="70884c20-5e5b-dcd8-2ad1-9a939d156749" executionId="83731dfb-9f42-49f5-8239-6f1f36b63448" testListId="8c84fa94-04c1-424b-9868-57a2d4851a1d" />
  </TestEntries>
  <Results>
    <UnitTestResult executionId="3bc3780c-ec0c-4538-a684-dc74b9e14fdf" testId="75ab352d-fc58-6855-4d93-baf42240b57e" testName="FaultAppendText" computerName="ALEXISR-WPFDEV" duration="00:00:02.0137634" startTime="2009-11-20T16:56:59.9080559-08:00" endTime="2009-11-20T16:57:02.4965189-08:00" testType="13cdc9d9-ddb5-4fa4-a97d-d965ccfc6d4b" outcome="Failed" testListId="8c84fa94-04c1-424b-9868-57a2d4851a1d">
      <Output>
        <ErrorInfo>
          <Message>Assert.AreEqual failed. Expected:&lt;&gt;. Actual:&lt;TestTest
&gt;. </Message>
          <StackTrace>   at Tests.FaultInjectionTests.FaultAppendText() in C:\dd\WPF_1\binaries\x86chk\wpf\Test\TestApi\Samples\MSTest\Tests\FaultInjectionTests.cs:line 87
</StackTrace>
        </ErrorInfo>
      </Output>
    </UnitTestResult>
    <UnitTestResult executionId="5ad9630a-31c0-401f-8ad1-1b1a6c8434c5" testId="087f2f08-2d1e-f5a7-8a08-16ec74e6f49e" testName="CompareObjects" computerName="ALEXISR-WPFDEV" duration="00:00:00.0143735" startTime="2009-11-20T16:57:02.5277193-08:00" endTime="2009-11-20T16:57:02.5433195-08:00" testType="13cdc9d9-ddb5-4fa4-a97d-d965ccfc6d4b" outcome="Passed" testListId="8c84fa94-04c1-424b-9868-57a2d4851a1d">
      <Output>
      </Output>
    </UnitTestResult>
    <UnitTestResult executionId="384a6ca1-6c45-460d-bc78-86006eab15c4" testId="de00bf0d-d40e-00e8-4c38-127bf9612889" testName="VerifyInput" computerName="ALEXISR-WPFDEV" duration="00:00:03.9152902" startTime="2009-11-20T16:57:02.5433195-08:00" endTime="2009-11-20T16:57:06.4601875-08:00" testType="13cdc9d9-ddb5-4fa4-a97d-d965ccfc6d4b" outcome="Passed" testListId="8c84fa94-04c1-424b-9868-57a2d4851a1d">
      <Output>
      </Output>
    </UnitTestResult>
    <UnitTestResult executionId="a44a65d9-1a02-4489-9365-c4a79e18c0f3" testId="6530dd78-05e6-ebf3-afc9-dff1a0167c48" testName="SampleTest" computerName="ALEXISR-WPFDEV" duration="00:00:00.0912211" startTime="2009-11-20T16:57:06.4601875-08:00" endTime="2009-11-20T16:57:06.5693889-08:00" testType="13cdc9d9-ddb5-4fa4-a97d-d965ccfc6d4b" outcome="Passed" testListId="8c84fa94-04c1-424b-9868-57a2d4851a1d">
      <Output>
      </Output>
    </UnitTestResult>
    <UnitTestResult executionId="c49a4341-4da0-4e46-96eb-163f3d22387e" testId="2e5bb3d8-be5c-9144-6791-718d76c89a50" testName="SampleWithExpectedResultsTest" computerName="ALEXISR-WPFDEV" duration="00:00:00.0279522" startTime="2009-11-20T16:57:06.5693889-08:00" endTime="2009-11-20T16:57:06.6005893-08:00" testType="13cdc9d9-ddb5-4fa4-a97d-d965ccfc6d4b" outcome="Passed" testListId="8c84fa94-04c1-424b-9868-57a2d4851a1d">
      <Output>
      </Output>
    </UnitTestResult>
    <UnitTestResult executionId="83731dfb-9f42-49f5-8239-6f1f36b63448" testId="70884c20-5e5b-dcd8-2ad1-9a939d156749" testName="VerifyWindowAppearance" computerName="ALEXISR-WPFDEV" duration="00:00:02.7214454" startTime="2009-11-20T16:57:06.6005893-08:00" endTime="2009-11-20T16:57:09.3192490-08:00" testType="13cdc9d9-ddb5-4fa4-a97d-d965ccfc6d4b" outcome="Passed" testListId="8c84fa94-04c1-424b-9868-57a2d4851a1d">
      <Output>
      </Output>
    </UnitTestResult>
  </Results>
</TestRun>